<?xml version="1.0" encoding="UTF-8"?>
<testng-results skipped="0" failed="1" ignored="0" total="3" passed="2">
  <reporter-output>
  </reporter-output>
  <suite name="Surefire suite" duration-ms="7446" started-at="2022-06-06T09:38:16 PDT" finished-at="2022-06-06T09:38:23 PDT">
    <groups>
    </groups>
    <test name="Surefire test" duration-ms="7446" started-at="2022-06-06T09:38:16 PDT" finished-at="2022-06-06T09:38:23 PDT">
      <class name="com.ebay.tests.TestHomePage">
        <test-method status="PASS" signature="setUp()[pri:0, instance:com.ebay.tests.TestHomePage@2b9627bc]" name="setUp" is-config="true" duration-ms="4024" started-at="2022-06-06T09:38:16 PDT" finished-at="2022-06-06T09:38:20 PDT">
          <reporter-output>
          </reporter-output>
        </test-method> <!-- setUp -->
        <test-method status="PASS" signature="verifyTitle()[pri:1, instance:com.ebay.tests.TestHomePage@2b9627bc]" name="verifyTitle" duration-ms="10" started-at="2022-06-06T09:38:20 PDT" finished-at="2022-06-06T09:38:20 PDT">
          <reporter-output>
          </reporter-output>
        </test-method> <!-- verifyTitle -->
        <test-method status="FAIL" signature="electronicSelectionTest()[pri:2, instance:com.ebay.tests.TestHomePage@2b9627bc]" name="electronicSelectionTest" duration-ms="3183" started-at="2022-06-06T09:38:20 PDT" finished-at="2022-06-06T09:38:23 PDT">
          <exception class="org.openqa.selenium.WebDriverException">
            <message>
              <![CDATA[tab crashed
  (Session info: chrome=102.0.5005.61)
Build info: version: '4.2.1', revision: 'ac4d0fdd4a'
System info: host: 'Amirouches-MacBook-Pro.local', ip: '2601:642:4380:c070:9cb1:94e5:fd1a:6b7e%en0', os.name: 'Mac OS X', os.arch: 'x86_64', os.version: '10.16', java.version: '1.8.0_281'
Driver info: org.openqa.selenium.chrome.ChromeDriver
Command: [33b747678cd7947b4461cb1c0039b99b, getElementText {id=6e454d50-8325-4dd5-a097-d1a20a30b726}]
Capabilities {acceptInsecureCerts: false, browserName: chrome, browserVersion: 102.0.5005.61, chrome: {chromedriverVersion: 102.0.5005.61 (0e59bcc00cc4..., userDataDir: /var/folders/xh/s_c1x8q17vq...}, goog:chromeOptions: {debuggerAddress: localhost:49536}, networkConnectionEnabled: false, pageLoadStrategy: normal, platformName: MAC, proxy: Proxy(), se:cdp: ws://localhost:49536/devtoo..., se:cdpVersion: 102.0.5005.61, setWindowRect: true, strictFileInteractability: false, timeouts: {implicit: 0, pageLoad: 300000, script: 30000}, unhandledPromptBehavior: dismiss and notify, webauthn:extension:credBlob: true, webauthn:extension:largeBlob: true, webauthn:virtualAuthenticators: true}
Element: [[ChromeDriver: chrome on MAC (33b747678cd7947b4461cb1c0039b99b)] -> xpath: //*[@id="gh-sbc"]/tbody/tr/td[2]/h3[1]/a]
Session ID: 33b747678cd7947b4461cb1c0039b99b]]>
            </message>
            <full-stacktrace>
              <![CDATA[org.openqa.selenium.WebDriverException: tab crashed
  (Session info: chrome=102.0.5005.61)
Build info: version: '4.2.1', revision: 'ac4d0fdd4a'
System info: host: 'Amirouches-MacBook-Pro.local', ip: '2601:642:4380:c070:9cb1:94e5:fd1a:6b7e%en0', os.name: 'Mac OS X', os.arch: 'x86_64', os.version: '10.16', java.version: '1.8.0_281'
Driver info: org.openqa.selenium.chrome.ChromeDriver
Command: [33b747678cd7947b4461cb1c0039b99b, getElementText {id=6e454d50-8325-4dd5-a097-d1a20a30b726}]
Capabilities {acceptInsecureCerts: false, browserName: chrome, browserVersion: 102.0.5005.61, chrome: {chromedriverVersion: 102.0.5005.61 (0e59bcc00cc4..., userDataDir: /var/folders/xh/s_c1x8q17vq...}, goog:chromeOptions: {debuggerAddress: localhost:49536}, networkConnectionEnabled: false, pageLoadStrategy: normal, platformName: MAC, proxy: Proxy(), se:cdp: ws://localhost:49536/devtoo..., se:cdpVersion: 102.0.5005.61, setWindowRect: true, strictFileInteractability: false, timeouts: {implicit: 0, pageLoad: 300000, script: 30000}, unhandledPromptBehavior: dismiss and notify, webauthn:extension:credBlob: true, webauthn:extension:largeBlob: true, webauthn:virtualAuthenticators: true}
Element: [[ChromeDriver: chrome on MAC (33b747678cd7947b4461cb1c0039b99b)] -> xpath: //*[@id="gh-sbc"]/tbody/tr/td[2]/h3[1]/a]
Session ID: 33b747678cd7947b4461cb1c0039b99b
at sun.reflect.NativeConstructorAccessorImpl.newInstance0(Native Method)
at sun.reflect.NativeConstructorAccessorImpl.newInstance(NativeConstructorAccessorImpl.java:62)
at sun.reflect.DelegatingConstructorAccessorImpl.newInstance(DelegatingConstructorAccessorImpl.java:45)
at java.lang.reflect.Constructor.newInstance(Constructor.java:423)
at org.openqa.selenium.remote.codec.w3c.W3CHttpResponseCodec.createException(W3CHttpResponseCodec.java:200)
at org.openqa.selenium.remote.codec.w3c.W3CHttpResponseCodec.decode(W3CHttpResponseCodec.java:133)
at org.openqa.selenium.remote.codec.w3c.W3CHttpResponseCodec.decode(W3CHttpResponseCodec.java:53)
at org.openqa.selenium.remote.HttpCommandExecutor.execute(HttpCommandExecutor.java:184)
at org.openqa.selenium.remote.service.DriverCommandExecutor.invokeExecute(DriverCommandExecutor.java:167)
at org.openqa.selenium.remote.service.DriverCommandExecutor.execute(DriverCommandExecutor.java:142)
at org.openqa.selenium.remote.RemoteWebDriver.execute(RemoteWebDriver.java:551)
at org.openqa.selenium.remote.RemoteWebElement.execute(RemoteWebElement.java:257)
at org.openqa.selenium.remote.RemoteWebElement.getText(RemoteWebElement.java:207)
at com.ebay.base.pages.HomePage.electronicSelection(HomePage.java:38)
at com.ebay.tests.TestHomePage.electronicSelectionTest(TestHomePage.java:40)
at sun.reflect.NativeMethodAccessorImpl.invoke0(Native Method)
at sun.reflect.NativeMethodAccessorImpl.invoke(NativeMethodAccessorImpl.java:62)
at sun.reflect.DelegatingMethodAccessorImpl.invoke(DelegatingMethodAccessorImpl.java:43)
at java.lang.reflect.Method.invoke(Method.java:498)
at org.testng.internal.MethodInvocationHelper.invokeMethod(MethodInvocationHelper.java:133)
at org.testng.internal.TestInvoker.invokeMethod(TestInvoker.java:598)
at org.testng.internal.TestInvoker.invokeTestMethod(TestInvoker.java:173)
at org.testng.internal.MethodRunner.runInSequence(MethodRunner.java:46)
at org.testng.internal.TestInvoker$MethodInvocationAgent.invoke(TestInvoker.java:824)
at org.testng.internal.TestInvoker.invokeTestMethods(TestInvoker.java:146)
at org.testng.internal.TestMethodWorker.invokeTestMethods(TestMethodWorker.java:146)
at org.testng.internal.TestMethodWorker.run(TestMethodWorker.java:128)
at java.util.ArrayList.forEach(ArrayList.java:1259)
at org.testng.TestRunner.privateRun(TestRunner.java:794)
at org.testng.TestRunner.run(TestRunner.java:596)
at org.testng.SuiteRunner.runTest(SuiteRunner.java:377)
at org.testng.SuiteRunner.runSequentially(SuiteRunner.java:371)
at org.testng.SuiteRunner.privateRun(SuiteRunner.java:332)
at org.testng.SuiteRunner.run(SuiteRunner.java:276)
at org.testng.SuiteRunnerWorker.runSuite(SuiteRunnerWorker.java:53)
at org.testng.SuiteRunnerWorker.run(SuiteRunnerWorker.java:96)
at org.testng.TestNG.runSuitesSequentially(TestNG.java:1212)
at org.testng.TestNG.runSuitesLocally(TestNG.java:1134)
at org.testng.TestNG.runSuites(TestNG.java:1063)
at org.testng.TestNG.run(TestNG.java:1031)
at org.apache.maven.surefire.testng.TestNGExecutor.run(TestNGExecutor.java:135)
at org.apache.maven.surefire.testng.TestNGDirectoryTestSuite.executeSingleClass(TestNGDirectoryTestSuite.java:112)
at org.apache.maven.surefire.testng.TestNGDirectoryTestSuite.execute(TestNGDirectoryTestSuite.java:99)
at org.apache.maven.surefire.testng.TestNGProvider.invoke(TestNGProvider.java:146)
at org.apache.maven.surefire.booter.ForkedBooter.invokeProviderInSameClassLoader(ForkedBooter.java:384)
at org.apache.maven.surefire.booter.ForkedBooter.runSuitesInProcess(ForkedBooter.java:345)
at org.apache.maven.surefire.booter.ForkedBooter.execute(ForkedBooter.java:126)
at org.apache.maven.surefire.booter.ForkedBooter.main(ForkedBooter.java:418)
]]>
            </full-stacktrace>
          </exception> <!-- org.openqa.selenium.WebDriverException -->
          <reporter-output>
          </reporter-output>
        </test-method> <!-- electronicSelectionTest -->
        <test-method status="PASS" signature="searchItemTest()[pri:3, instance:com.ebay.tests.TestHomePage@2b9627bc]" name="searchItemTest" duration-ms="0" started-at="2022-06-06T09:38:23 PDT" finished-at="2022-06-06T09:38:23 PDT">
          <reporter-output>
          </reporter-output>
        </test-method> <!-- searchItemTest -->
        <test-method status="PASS" signature="tearDown()[pri:0, instance:com.ebay.tests.TestHomePage@2b9627bc]" name="tearDown" is-config="true" duration-ms="178" started-at="2022-06-06T09:38:23 PDT" finished-at="2022-06-06T09:38:23 PDT">
          <reporter-output>
          </reporter-output>
        </test-method> <!-- tearDown -->
      </class> <!-- com.ebay.tests.TestHomePage -->
    </test> <!-- Surefire test -->
  </suite> <!-- Surefire suite -->
</testng-results>
