<?xml version="1.0" encoding="UTF-8"?>
<testng-results skipped="0" failed="0" ignored="0" total="1" passed="1">
  <reporter-output>
  </reporter-output>
  <suite name="Default suite" duration-ms="10288" started-at="2022-06-06T23:19:04 PDT" finished-at="2022-06-06T23:19:15 PDT">
    <groups>
    </groups>
    <test name="Default test" duration-ms="10288" started-at="2022-06-06T23:19:04 PDT" finished-at="2022-06-06T23:19:15 PDT">
      <class name="com.ebay.tests.LoginPageTest">
        <test-method status="PASS" signature="setUp()[pri:0, instance:com.ebay.tests.LoginPageTest@149494d8]" name="setUp" is-config="true" duration-ms="3444" started-at="2022-06-06T23:19:04 PDT" finished-at="2022-06-06T23:19:08 PDT">
          <reporter-output>
          </reporter-output>
        </test-method> <!-- setUp -->
        <test-method status="PASS" signature="LoginPageTest()[pri:1, instance:com.ebay.tests.LoginPageTest@149494d8]" name="LoginPageTest" duration-ms="6657" started-at="2022-06-06T23:19:08 PDT" finished-at="2022-06-06T23:19:14 PDT">
          <reporter-output>
          </reporter-output>
        </test-method> <!-- LoginPageTest -->
        <test-method status="PASS" signature="tearDown()[pri:0, instance:com.ebay.tests.LoginPageTest@149494d8]" name="tearDown" is-config="true" duration-ms="159" started-at="2022-06-06T23:19:14 PDT" finished-at="2022-06-06T23:19:15 PDT">
          <reporter-output>
          </reporter-output>
        </test-method> <!-- tearDown -->
      </class> <!-- com.ebay.tests.LoginPageTest -->
    </test> <!-- Default test -->
  </suite> <!-- Default suite -->
</testng-results>
